<?xml version="1.0" encoding="UTF-8"?>
<robot generator="Robot 6.1.1 (Python 3.11.4 on darwin)" generated="20231025 23:28:49.962" rpa="false" schemaversion="4">
<suite id="s1" name="Signup Test" source="/Users/alexkhatilov/0/Signup/tests/signup_test.robot">
<test id="s1-t1" name="Test Sign Up Form" line="32">
<kw name="Launch Browser">
<arg>${url}</arg>
<arg>${browser}</arg>
<kw name="Open Browser" library="SeleniumLibrary">
<arg>${arg1}</arg>
<arg>${arg2}</arg>
<doc>Opens a new browser instance to the optional ``url``.</doc>
<msg timestamp="20231025 23:28:50.019" level="INFO">Opening browser 'headlessfirefox' to base url 'https://alex.academy/signup'.</msg>
<status status="PASS" starttime="20231025 23:28:50.019" endtime="20231025 23:28:53.109"/>
</kw>
<kw name="Maximize Browser Window" library="SeleniumLibrary">
<doc>Maximizes current browser window.</doc>
<status status="PASS" starttime="20231025 23:28:53.110" endtime="20231025 23:28:53.113"/>
</kw>
<kw name="Set Selenium Implicit Wait" library="SeleniumLibrary">
<arg>10 seconds</arg>
<doc>Sets the implicit wait value used by Selenium.</doc>
<status status="PASS" starttime="20231025 23:28:53.113" endtime="20231025 23:28:53.117"/>
</kw>
<kw name="Title Should Be" library="SeleniumLibrary">
<arg>${SignUpTitle}</arg>
<doc>Verifies that the current page title equals ``title``.</doc>
<msg timestamp="20231025 23:28:53.119" level="INFO">Page title is 'Welcome to Sign Up'.</msg>
<status status="PASS" starttime="20231025 23:28:53.117" endtime="20231025 23:28:53.119"/>
</kw>
<kw name="Capture Page Screenshot" library="SeleniumLibrary">
<arg>screenshot/page_01.png</arg>
<doc>Takes a screenshot of the current page and embeds it into a log file.</doc>
<msg timestamp="20231025 23:28:53.162" level="INFO" html="true">&lt;/td&gt;&lt;/tr&gt;&lt;tr&gt;&lt;td colspan="3"&gt;&lt;a href="screenshot/page_01.png"&gt;&lt;img src="screenshot/page_01.png" width="800px"&gt;&lt;/a&gt;</msg>
<status status="PASS" starttime="20231025 23:28:53.119" endtime="20231025 23:28:53.162"/>
</kw>
<status status="PASS" starttime="20231025 23:28:50.018" endtime="20231025 23:28:53.162"/>
</kw>
<kw name="Fill Out Form">
<arg>${FirstNameValue}</arg>
<arg>${LastNameValue}</arg>
<arg>${EmailValue}</arg>
<arg>${PhoneNumberValue}</arg>
<kw name="Input Text" library="SeleniumLibrary">
<arg>${FistNameField}</arg>
<arg>${arg1}</arg>
<doc>Types the given ``text`` into the text field identified by ``locator``.</doc>
<msg timestamp="20231025 23:28:53.163" level="INFO">Typing text 'Alex' into text field 'id:id_fname'.</msg>
<status status="PASS" starttime="20231025 23:28:53.162" endtime="20231025 23:28:53.175"/>
</kw>
<kw name="Input Text" library="SeleniumLibrary">
<arg>${LastNameField}</arg>
<arg>${arg2}</arg>
<doc>Types the given ``text`` into the text field identified by ``locator``.</doc>
<msg timestamp="20231025 23:28:53.176" level="INFO">Typing text 'Moore' into text field 'id:id_lname'.</msg>
<status status="PASS" starttime="20231025 23:28:53.176" endtime="20231025 23:28:53.180"/>
</kw>
<kw name="Input Text" library="SeleniumLibrary">
<arg>${EmailField}</arg>
<arg>${arg3}</arg>
<doc>Types the given ``text`` into the text field identified by ``locator``.</doc>
<msg timestamp="20231025 23:28:53.181" level="INFO">Typing text 'alex.moore@gmail.com' into text field 'id:id_email'.</msg>
<status status="PASS" starttime="20231025 23:28:53.181" endtime="20231025 23:28:53.187"/>
</kw>
<kw name="Input Text" library="SeleniumLibrary">
<arg>${PhoneField}</arg>
<arg>${arg4}</arg>
<doc>Types the given ``text`` into the text field identified by ``locator``.</doc>
<msg timestamp="20231025 23:28:53.188" level="INFO">Typing text '650 555-1212' into text field 'id:id_phone'.</msg>
<status status="PASS" starttime="20231025 23:28:53.187" endtime="20231025 23:28:53.193"/>
</kw>
<kw name="Capture Page Screenshot" library="SeleniumLibrary">
<arg>screenshot/page_02.png</arg>
<doc>Takes a screenshot of the current page and embeds it into a log file.</doc>
<msg timestamp="20231025 23:28:53.213" level="INFO" html="true">&lt;/td&gt;&lt;/tr&gt;&lt;tr&gt;&lt;td colspan="3"&gt;&lt;a href="screenshot/page_02.png"&gt;&lt;img src="screenshot/page_02.png" width="800px"&gt;&lt;/a&gt;</msg>
<status status="PASS" starttime="20231025 23:28:53.194" endtime="20231025 23:28:53.213"/>
</kw>
<status status="PASS" starttime="20231025 23:28:53.162" endtime="20231025 23:28:53.213"/>
</kw>
<kw name="Submit Form">
<arg>${SubmitButton}</arg>
<kw name="Click Element" library="SeleniumLibrary">
<arg>${arg1}</arg>
<doc>Click the element identified by ``locator``.</doc>
<msg timestamp="20231025 23:28:53.214" level="INFO">Clicking element 'id:id_submit_button'.</msg>
<status status="PASS" starttime="20231025 23:28:53.214" endtime="20231025 23:28:53.724"/>
</kw>
<kw name="Title Should Be" library="SeleniumLibrary">
<arg>${ConfirmationTitle}</arg>
<doc>Verifies that the current page title equals ``title``.</doc>
<msg timestamp="20231025 23:28:53.726" level="INFO">Page title is 'Confirmation'.</msg>
<status status="PASS" starttime="20231025 23:28:53.724" endtime="20231025 23:28:53.726"/>
</kw>
<status status="PASS" starttime="20231025 23:28:53.213" endtime="20231025 23:28:53.726"/>
</kw>
<doc>This test case verifies Sign Up Form</doc>
<tag>UI Validation</tag>
<status status="PASS" starttime="20231025 23:28:50.018" endtime="20231025 23:28:53.726"/>
</test>
<test id="s1-t2" name="Test Validate Confirmation Page" line="38">
<kw name="Confirmation Page">
<arg>${FirstNameValue}</arg>
<arg>${LastNameValue}</arg>
<arg>${EmailValue}</arg>
<arg>${PhoneNumberValue}</arg>
<kw name="Capture Page Screenshot" library="SeleniumLibrary">
<arg>screenshot/page_03.png</arg>
<doc>Takes a screenshot of the current page and embeds it into a log file.</doc>
<msg timestamp="20231025 23:28:53.747" level="INFO" html="true">&lt;/td&gt;&lt;/tr&gt;&lt;tr&gt;&lt;td colspan="3"&gt;&lt;a href="screenshot/page_03.png"&gt;&lt;img src="screenshot/page_03.png" width="800px"&gt;&lt;/a&gt;</msg>
<status status="PASS" starttime="20231025 23:28:53.727" endtime="20231025 23:28:53.747"/>
</kw>
<kw name="Element Text Should Be" library="SeleniumLibrary">
<arg>${FistNameField}</arg>
<arg>${arg1}</arg>
<doc>Verifies that element ``locator`` contains exact the text ``expected``.</doc>
<msg timestamp="20231025 23:28:53.747" level="INFO">Verifying element 'id:id_fname' contains exact text 'Alex'.</msg>
<status status="PASS" starttime="20231025 23:28:53.747" endtime="20231025 23:28:53.757"/>
</kw>
<kw name="Element Text Should Be" library="SeleniumLibrary">
<arg>${LastNameField}</arg>
<arg>${arg2}</arg>
<doc>Verifies that element ``locator`` contains exact the text ``expected``.</doc>
<msg timestamp="20231025 23:28:53.758" level="INFO">Verifying element 'id:id_lname' contains exact text 'Moore'.</msg>
<status status="PASS" starttime="20231025 23:28:53.757" endtime="20231025 23:28:53.760"/>
</kw>
<kw name="Element Text Should Be" library="SeleniumLibrary">
<arg>${EmailField}</arg>
<arg>${arg3}</arg>
<doc>Verifies that element ``locator`` contains exact the text ``expected``.</doc>
<msg timestamp="20231025 23:28:53.760" level="INFO">Verifying element 'id:id_email' contains exact text 'alex.moore@gmail.com'.</msg>
<status status="PASS" starttime="20231025 23:28:53.760" endtime="20231025 23:28:53.763"/>
</kw>
<kw name="Element Text Should Be" library="SeleniumLibrary">
<arg>${PhoneField}</arg>
<arg>${arg4}</arg>
<doc>Verifies that element ``locator`` contains exact the text ``expected``.</doc>
<msg timestamp="20231025 23:28:53.763" level="INFO">Verifying element 'id:id_phone' contains exact text '650 555-1212'.</msg>
<status status="PASS" starttime="20231025 23:28:53.763" endtime="20231025 23:28:53.765"/>
</kw>
<status status="PASS" starttime="20231025 23:28:53.727" endtime="20231025 23:28:53.765"/>
</kw>
<kw name="Close Browser">
<kw name="Close All Browsers" library="SeleniumLibrary">
<doc>Closes all open browsers and resets the browser cache.</doc>
<status status="PASS" starttime="20231025 23:28:53.766" endtime="20231025 23:28:54.135"/>
</kw>
<status status="PASS" starttime="20231025 23:28:53.766" endtime="20231025 23:28:54.135"/>
</kw>
<doc>This test case verifies Confirmation Page</doc>
<tag>UI Validation</tag>
<status status="PASS" starttime="20231025 23:28:53.726" endtime="20231025 23:28:54.135"/>
</test>
<doc>Robot Framework</doc>
<status status="PASS" starttime="20231025 23:28:49.962" endtime="20231025 23:28:54.136"/>
</suite>
<statistics>
<total>
<stat pass="2" fail="0" skip="0">All Tests</stat>
</total>
<tag>
<stat pass="2" fail="0" skip="0">UI Validation</stat>
</tag>
<suite>
<stat pass="2" fail="0" skip="0" id="s1" name="Signup Test">Signup Test</stat>
</suite>
</statistics>
<errors>
</errors>
</robot>
